node.exe : Prisma 
schema loaded from 
prisma\schema.prisma.
Au caractère Ligne:1 
: 1
+ & "C:\Program Files
\nodejs/node.exe" 
"C:\Program 
Files\nodejs/node_mo 
...
+ ~~~~~~~~~~~~~~~~~~~
~~~~~~~~~~~~~~~~~~~~~
~~~~~~~~~~~~~~~~~~~~~
~~~~~~~~
    + CategoryInfo   
           : NotSpe  
  cified: (Prisma    
 schema l...\sche    
ma.prisma.:Strin    
g) [], RemoteExc    
eption
    + FullyQualified 
   ErrorId : Native  
  CommandError
 
Error: Prisma schema 
validation - 
(get-config wasm)
Error code: P1012
error: The 
datasource property 
`url` is no longer 
supported in schema 
files. Move 
connection URLs for 
Migrate to 
`prisma.config.ts` 
and pass either 
`adapter` for a 
direct database 
connection or 
`accelerateUrl` for 
Accelerate to the 
`PrismaClient` 
constructor. See http
s://pris.ly/d/config-
datasource and https:
//pris.ly/d/prisma7-c
lient-config
  -->  prisma\schema.
prisma:7
   | 
 6 |   provider = 
"postgresql"
 7 |   url      = 
env("DATABASE_URL")
   | 

Validation Error 
Count: 1
[Context: getConfig]

Prisma CLI Version : 
7.4.1
